<?xml version="1.0" encoding="UTF-8"?>
<!-- Generated by org.testng.reporters.JUnitXMLReporter -->
<testsuite ignored="0" hostname="LAPTOP-KM1NNOMD" failures="0" tests="1" name="Surefire test" time="0.026" errors="0" timestamp="2023-05-22T19:00:56 IST">
  <testcase classname="com.selenium.automation.TestNg" name="@BeforeSuite openBrowser" time="0.142">
    <failure type="java.lang.NullPointerException">
      <![CDATA[java.lang.NullPointerException
at com.selenium.automation.Driver.openBrowser(Driver.java:36)
at com.selenium.automation.TestNg.openBrowser(TestNg.java:25)
... Removed 24 stack frames]]>
    </failure>
  </testcase> <!-- @BeforeSuite openBrowser -->
  <testcase classname="com.selenium.automation.TestNg" name="@AfterMethod closeBrowser" time="-1.684762256022E9">
    <skipped/>
  </testcase> <!-- @AfterMethod closeBrowser -->
  <testcase classname="com.selenium.automation.TestNg" name="test" time="0.0">
    <skipped/>
  </testcase> <!-- test -->
</testsuite> <!-- Surefire test -->
