<?xml version="1.0" encoding="UTF-8"?>
<testng-results ignored="0" total="1" passed="1" failed="0" skipped="0">
  <reporter-output>
  </reporter-output>
  <suite started-at="2023-05-20T01:34:56 IST" name="Default suite" finished-at="2023-05-20T01:34:59 IST" duration-ms="3642">
    <groups>
    </groups>
    <test started-at="2023-05-20T01:34:56 IST" name="Default test" finished-at="2023-05-20T01:34:59 IST" duration-ms="3642">
      <class name="com.selenium.automation.TestNg">
        <test-method is-config="true" signature="openBrowser()[pri:0, instance:com.selenium.automation.TestNg@169e6180]" started-at="2023-05-20T01:34:51 IST" name="openBrowser" finished-at="2023-05-20T01:34:56 IST" duration-ms="4070" status="PASS">
          <reporter-output>
          </reporter-output>
        </test-method> <!-- openBrowser -->
        <test-method signature="test()[pri:0, instance:com.selenium.automation.TestNg@169e6180]" started-at="2023-05-20T01:34:56 IST" name="test" finished-at="2023-05-20T01:34:58 IST" duration-ms="2855" status="PASS">
          <reporter-output>
          </reporter-output>
        </test-method> <!-- test -->
        <test-method is-config="true" signature="closeBrowser()[pri:0, instance:com.selenium.automation.TestNg@169e6180]" started-at="2023-05-20T01:34:58 IST" name="closeBrowser" finished-at="2023-05-20T01:34:59 IST" duration-ms="760" status="PASS">
          <reporter-output>
          </reporter-output>
        </test-method> <!-- closeBrowser -->
      </class> <!-- com.selenium.automation.TestNg -->
    </test> <!-- Default test -->
  </suite> <!-- Default suite -->
</testng-results>
